13:17:32  [main] 	Initializing Control Panel
13:17:32  [main] 	Windows Version:  Home  64-bit
13:17:32  [main] 	XAMPP Version: 7.1.12
13:17:32  [main] 	Control Panel Version: 3.2.2  [ Compiled: Nov 12th 2015 ]
13:17:32  [main] 	You are not running with administrator rights! This will work for
13:17:32  [main] 	most application stuff but whenever you do something with services
13:17:32  [main] 	there will be a security dialogue or things will break! So think 
13:17:32  [main] 	about running this application with administrator rights!
13:17:32  [main] 	XAMPP Installation Directory: "d:\xampp\"
13:17:32  [main] 	Checking for prerequisites
13:17:33  [main] 	All prerequisites found
13:17:33  [main] 	Initializing Modules
13:17:33  [main] 	The FileZilla module is disabled
13:17:33  [main] 	The Mercury module is disabled
13:17:33  [main] 	The Tomcat module is disabled
13:17:33  [main] 	Starting Check-Timer
13:17:33  [main] 	Control Panel Ready
13:22:02  [mysql] 	Attempting to start MySQL app...
13:22:02  [mysql] 	Status change detected: running
15:12:08  [main] 	Deinitializing Modules
15:12:08  [main] 	Deinitializing Control Panel

14:54:21  [main] 	Initializing Control Panel
14:54:21  [main] 	Windows Version:  Home  64-bit
14:54:21  [main] 	XAMPP Version: 7.1.12
14:54:21  [main] 	Control Panel Version: 3.2.2  [ Compiled: Nov 12th 2015 ]
14:54:21  [main] 	You are not running with administrator rights! This will work for
14:54:21  [main] 	most application stuff but whenever you do something with services
14:54:21  [main] 	there will be a security dialogue or things will break! So think 
14:54:21  [main] 	about running this application with administrator rights!
14:54:21  [main] 	XAMPP Installation Directory: "d:\xampp\"
14:54:21  [main] 	Checking for prerequisites
14:54:23  [main] 	All prerequisites found
14:54:23  [main] 	Initializing Modules
14:54:23  [main] 	The FileZilla module is disabled
14:54:23  [main] 	The Mercury module is disabled
14:54:23  [main] 	The Tomcat module is disabled
14:54:23  [main] 	Starting Check-Timer
14:54:23  [main] 	Control Panel Ready
14:54:25  [mysql] 	Attempting to start MySQL app...
14:54:25  [mysql] 	Status change detected: running
17:33:49  [mysql] 	Status change detected: stopped
17:33:49  [mysql] 	Error: MySQL shutdown unexpectedly.
17:33:49  [mysql] 	This may be due to a blocked port, missing dependencies, 
17:33:49  [mysql] 	improper privileges, a crash, or a shutdown by another method.
17:33:49  [mysql] 	Press the Logs button to view error logs and check
17:33:49  [mysql] 	the Windows Event Viewer for more clues
17:33:49  [mysql] 	If you need more help, copy and post this
17:33:49  [mysql] 	entire log window on the forums
17:33:51  [mysql] 	Status change detected: running
22:17:25  [main] 	Deinitializing Modules
22:17:25  [main] 	Deinitializing Control Panel

17:33:46  [main] 	Initializing Control Panel
17:33:46  [main] 	Windows Version:  Home  64-bit
17:33:46  [main] 	XAMPP Version: 7.1.12
17:33:46  [main] 	Control Panel Version: 3.2.2  [ Compiled: Nov 12th 2015 ]
17:33:46  [main] 	You are not running with administrator rights! This will work for
17:33:46  [main] 	most application stuff but whenever you do something with services
17:33:46  [main] 	there will be a security dialogue or things will break! So think 
17:33:46  [main] 	about running this application with administrator rights!
17:33:46  [main] 	XAMPP Installation Directory: "d:\xampp\"
17:33:46  [main] 	Checking for prerequisites
17:33:46  [main] 	All prerequisites found
17:33:46  [main] 	Initializing Modules
17:33:46  [mysql] 	XAMPP MySQL is already running on port 3306
17:33:46  [main] 	The FileZilla module is disabled
17:33:46  [main] 	The Mercury module is disabled
17:33:46  [main] 	The Tomcat module is disabled
17:33:46  [main] 	Starting Check-Timer
17:33:46  [main] 	Control Panel Ready
17:33:49  [mysql] 	Attempting to stop MySQL app...
17:33:49  [mysql] 	Status change detected: stopped
17:33:51  [mysql] 	Attempting to start MySQL app...
17:33:51  [mysql] 	Status change detected: running
22:17:25  [main] 	Deinitializing Modules
22:17:25  [main] 	Deinitializing Control Panel

15:31:13  [main] 	Initializing Control Panel
15:31:13  [main] 	Windows Version:  Home  64-bit
15:31:13  [main] 	XAMPP Version: 7.1.12
15:31:13  [main] 	Control Panel Version: 3.2.2  [ Compiled: Nov 12th 2015 ]
15:31:13  [main] 	You are not running with administrator rights! This will work for
15:31:13  [main] 	most application stuff but whenever you do something with services
15:31:13  [main] 	there will be a security dialogue or things will break! So think 
15:31:13  [main] 	about running this application with administrator rights!
15:31:13  [main] 	XAMPP Installation Directory: "d:\xampp\"
15:31:13  [main] 	Checking for prerequisites
15:31:14  [main] 	All prerequisites found
15:31:14  [main] 	Initializing Modules
15:31:14  [main] 	The FileZilla module is disabled
15:31:14  [main] 	The Mercury module is disabled
15:31:14  [main] 	The Tomcat module is disabled
15:31:14  [main] 	Starting Check-Timer
15:31:14  [main] 	Control Panel Ready
15:31:17  [mysql] 	Attempting to start MySQL app...
15:31:17  [mysql] 	Status change detected: running
15:58:15  [mysql] 	Attempting to stop MySQL app...
15:58:15  [mysql] 	Status change detected: stopped
16:10:08  [main] 	Deinitializing Modules
16:10:08  [main] 	Deinitializing Control Panel

10:26:21  [main] 	Initializing Control Panel
10:26:21  [main] 	Windows Version:  Home  64-bit
10:26:21  [main] 	XAMPP Version: 7.1.12
10:26:21  [main] 	Control Panel Version: 3.2.2  [ Compiled: Nov 12th 2015 ]
10:26:21  [main] 	You are not running with administrator rights! This will work for
10:26:21  [main] 	most application stuff but whenever you do something with services
10:26:21  [main] 	there will be a security dialogue or things will break! So think 
10:26:21  [main] 	about running this application with administrator rights!
10:26:21  [main] 	XAMPP Installation Directory: "d:\xampp\"
10:26:21  [main] 	Checking for prerequisites
10:26:23  [main] 	All prerequisites found
10:26:23  [main] 	Initializing Modules
10:26:23  [main] 	The FileZilla module is disabled
10:26:23  [main] 	The Mercury module is disabled
10:26:23  [main] 	The Tomcat module is disabled
10:26:23  [main] 	Starting Check-Timer
10:26:23  [main] 	Control Panel Ready
10:26:43  [mysql] 	Attempting to start MySQL app...
10:26:43  [mysql] 	Status change detected: running
11:40:10  [main] 	Deinitializing Modules
11:40:10  [main] 	Deinitializing Control Panel

10:49:11  [main] 	Initializing Control Panel
10:49:11  [main] 	Windows Version:  Home  64-bit
10:49:11  [main] 	XAMPP Version: 7.1.12
10:49:11  [main] 	Control Panel Version: 3.2.2  [ Compiled: Nov 12th 2015 ]
10:49:11  [main] 	You are not running with administrator rights! This will work for
10:49:11  [main] 	most application stuff but whenever you do something with services
10:49:11  [main] 	there will be a security dialogue or things will break! So think 
10:49:11  [main] 	about running this application with administrator rights!
10:49:11  [main] 	XAMPP Installation Directory: "d:\xampp\"
10:49:11  [main] 	Checking for prerequisites
10:49:11  [main] 	All prerequisites found
10:49:11  [main] 	Initializing Modules
10:49:11  [mysql] 	XAMPP MySQL is already running on port 3306
10:49:11  [main] 	The FileZilla module is disabled
10:49:11  [main] 	The Mercury module is disabled
10:49:11  [main] 	The Tomcat module is disabled
10:49:11  [main] 	Starting Check-Timer
10:49:11  [main] 	Control Panel Ready
10:53:20  [main] 	Executing "d:\xampp\"
10:53:26  [main] 	Executing "d:\xampp\"
11:40:10  [main] 	Deinitializing Modules
11:40:10  [main] 	Deinitializing Control Panel

21:44:29  [main] 	Initializing Control Panel
21:44:29  [main] 	Windows Version:  Home  64-bit
21:44:29  [main] 	XAMPP Version: 7.1.12
21:44:29  [main] 	Control Panel Version: 3.2.2  [ Compiled: Nov 12th 2015 ]
21:44:29  [main] 	You are not running with administrator rights! This will work for
21:44:29  [main] 	most application stuff but whenever you do something with services
21:44:29  [main] 	there will be a security dialogue or things will break! So think 
21:44:29  [main] 	about running this application with administrator rights!
21:44:29  [main] 	XAMPP Installation Directory: "d:\xampp\"
21:44:29  [main] 	Checking for prerequisites
21:44:30  [main] 	All prerequisites found
21:44:30  [main] 	Initializing Modules
21:44:30  [main] 	The FileZilla module is disabled
21:44:30  [main] 	The Mercury module is disabled
21:44:30  [main] 	The Tomcat module is disabled
21:44:30  [main] 	Starting Check-Timer
21:44:30  [main] 	Control Panel Ready
1:23:02  [main] 	Deinitializing Modules
1:23:02  [main] 	Deinitializing Control Panel

